This is pdfTeX, Version 3.14159265-2.6-1.40.19 (TeX Live 2018/W32TeX) (preloaded format=pdflatex 2019.2.25)  8 MAR 2019 23:41
entering extended mode
 restricted \write18 enabled.
 file:line:error style messages enabled.
 %&-line parsing enabled.
**c:/Users/ASUS/Documents/ucas_zh/Tex/template_ucas.tex
(c:/Users/ASUS/Documents/ucas_zh/Tex/template_ucas.tex
LaTeX2e <2018-12-01>

! LaTeX Error: File `Style/ucasthesis.cls' not found.

Type X to quit or <RETURN> to proceed,
or enter new name. (Default extension: cls)

Enter file name: 
c:/Users/ASUS/Documents/ucas_zh/Tex/template_ucas.tex:24: Emergency stop.
<read *> 
         
l.24 \usepackage
                [authoryear,myhdr,list]{Style/artratex}% document settings^^M
*** (cannot \read from terminal in nonstop modes)

 
Here is how much of TeX's memory you used:
 12 strings out of 494562
 393 string characters out of 6176131
 52304 words of memory out of 5000000
 3769 multiletter control sequences out of 15000+600000
 3640 words of font info for 14 fonts, out of 8000000 for 9000
 14 hyphenation exceptions out of 8191
 10i,0n,8p,151b,8s stack positions out of 5000i,500n,10000p,200000b,80000s
c:/Users/ASUS/Documents/ucas_zh/Tex/template_ucas.tex:24:  ==> Fatal error occurred, no output PDF file produced!
