\BOOKMARK [0][-]{chapter.1}{一、  引言}{}% 1
\BOOKMARK [0][-]{chapter.2}{二、  致谢}{}% 2
\BOOKMARK [0][-]{chapter.3}{三、  开始使用}{}% 3
\BOOKMARK [1][-]{section.3.1}{（一） 使用环境}{chapter.3}% 4
\BOOKMARK [1][-]{section.3.2}{（二） 第一次使用}{chapter.3}% 5
\BOOKMARK [0][-]{chapter.4}{四、  bookdown组件}{}% 6
\BOOKMARK [1][-]{section.4.1}{（一） markdown语法}{chapter.4}% 7
\BOOKMARK [2][-]{subsection.4.1.1}{1. 行内样式}{section.4.1}% 8
\BOOKMARK [2][-]{subsection.4.1.2}{2. 数学表达式}{section.4.1}% 9
\BOOKMARK [1][-]{section.4.2}{（二） bookdown支持的markdown拓展}{chapter.4}% 10
\BOOKMARK [1][-]{section.4.3}{（三） 定理与证明}{chapter.4}% 11
\BOOKMARK [1][-]{section.4.4}{（四） 图片}{chapter.4}% 12
\BOOKMARK [1][-]{section.4.5}{（五） 插入本地图片}{chapter.4}% 13
\BOOKMARK [1][-]{section.4.6}{（六） 表格}{chapter.4}% 14
\BOOKMARK [2][-]{subsection.4.6.1}{1. 回归结果}{section.4.6}% 15
\BOOKMARK [1][-]{section.4.7}{（七） 交叉引用与引文}{chapter.4}% 16
\BOOKMARK [2][-]{subsection.4.7.1}{1. bibtex与文献引用}{section.4.7}% 17
\BOOKMARK [0][-]{chapter.5}{五、  作者简历及攻读学位期间发表的学术论文与研究成果}{}% 18
\BOOKMARK [0][-]{chapter.6}{六、  致谢}{}% 19
\BOOKMARK [0][-]{appendix.A}{附录 A  中南财经政法大学本科生毕业论文规范}{}% 20
\BOOKMARK [1][-]{section.A.1}{（一） 毕业论文（设计）内容及要求}{appendix.A}% 21
\BOOKMARK [2][-]{subsection.A.1.1}{1. 封面}{section.A.1}% 22
\BOOKMARK [2][-]{subsection.A.1.2}{2. 作者声明}{section.A.1}% 23
\BOOKMARK [2][-]{subsection.A.1.3}{3. 论文（设计）题目及署名}{section.A.1}% 24
\BOOKMARK [2][-]{subsection.A.1.4}{4. 中外（英）文摘要及关键词}{section.A.1}% 25
\BOOKMARK [2][-]{subsection.A.1.5}{5. 目录}{section.A.1}% 26
\BOOKMARK [2][-]{subsection.A.1.6}{6. 正文}{section.A.1}% 27
\BOOKMARK [2][-]{subsection.A.1.7}{7. 注释}{section.A.1}% 28
\BOOKMARK [2][-]{subsection.A.1.8}{8. 主要参考文献}{section.A.1}% 29
\BOOKMARK [2][-]{subsection.A.1.9}{9. 附录（非必选项）}{section.A.1}% 30
\BOOKMARK [2][-]{subsection.A.1.10}{10. 后记（非必选项）}{section.A.1}% 31
\BOOKMARK [1][-]{section.A.2}{（二） 毕业论文（设计）撰写规范}{appendix.A}% 32
\BOOKMARK [2][-]{subsection.A.2.1}{1. 行文}{section.A.2}% 33
\BOOKMARK [2][-]{subsection.A.2.2}{2. 正文主体}{section.A.2}% 34
\BOOKMARK [2][-]{subsection.A.2.3}{3. 表格}{section.A.2}% 35
\BOOKMARK [2][-]{subsection.A.2.4}{4. 插图}{section.A.2}% 36
\BOOKMARK [2][-]{subsection.A.2.5}{5. 公式}{section.A.2}% 37
\BOOKMARK [2][-]{subsection.A.2.6}{6. 数字}{section.A.2}% 38
\BOOKMARK [2][-]{subsection.A.2.7}{7. 软件}{section.A.2}% 39
\BOOKMARK [2][-]{subsection.A.2.8}{8. 其他}{section.A.2}% 40
\BOOKMARK [1][-]{section.A.3}{（三） 毕业论文（设计）的打印要求}{appendix.A}% 41
\BOOKMARK [1][-]{section.A.4}{（四） 毕业论文（设计）定稿的装订}{appendix.A}% 42
\BOOKMARK [1][-]{section.A.5}{（五） 毕业论文（设计）档案整理}{appendix.A}% 43
\BOOKMARK [1][-]{section.A.6}{（六） 附则}{appendix.A}% 44
\BOOKMARK [0][-]{appendix*.12}{References}{}% 45
